
2026/02/02 (19:10:08) | ===> btop++ v.1.2.3
2026/02/02 (19:10:08) | INFO: Logger set to INFO
2026/02/02 (19:10:08) | INFO: Logger set to DEBUG
2026/02/02 (19:12:02) | DEBUG: Writing new config file
2026/02/02 (19:12:02) | INFO: Quitting! Runtime: 00:02:30

2026/02/02 (19:12:23) | ===> btop++ v.1.2.3
2026/02/02 (19:12:23) | INFO: Logger set to DEBUG
2026/02/02 (19:12:23) | DEBUG: Using locale en_US.UTF-8
2026/02/02 (19:12:23) | INFO: Running on /dev/pts/3
2026/02/02 (19:12:23) | DEBUG: Loading theme file: /usr/share/btop/themes/dracula.theme

2026/02/02 (19:36:29) | ===> btop++ v.1.2.3
2026/02/02 (19:36:29) | INFO: Logger set to DEBUG
2026/02/02 (19:36:29) | DEBUG: Using locale en_US.UTF-8
2026/02/02 (19:36:29) | INFO: Running on /dev/pts/0
2026/02/02 (19:36:29) | DEBUG: Loading theme file: /usr/share/btop/themes/dracula.theme

2026/02/02 (19:37:33) | ===> btop++ v.1.2.3
2026/02/02 (19:37:33) | INFO: Logger set to DEBUG
2026/02/02 (19:37:33) | DEBUG: Using locale en_US.UTF-8
2026/02/02 (19:37:33) | INFO: Running on /dev/pts/2
2026/02/02 (19:37:33) | DEBUG: Loading theme file: /usr/share/btop/themes/dracula.theme

2026/02/02 (19:38:59) | ===> btop++ v.1.2.3
2026/02/02 (19:38:59) | INFO: Logger set to DEBUG
2026/02/02 (19:38:59) | DEBUG: Using locale en_US.UTF-8
2026/02/02 (19:38:59) | INFO: Running on /dev/pts/1
2026/02/02 (19:38:59) | DEBUG: Loading theme file: /usr/share/btop/themes/dracula.theme

2026/02/03 (19:33:35) | ===> btop++ v.1.2.3
2026/02/03 (19:33:35) | INFO: Logger set to DEBUG
2026/02/03 (19:33:35) | DEBUG: Using locale en_US.UTF-8
2026/02/03 (19:33:35) | INFO: Running on /dev/pts/0
2026/02/03 (19:33:35) | DEBUG: Loading theme file: /usr/share/btop/themes/dracula.theme

2026/02/08 (00:11:14) | ===> btop++ v.1.2.3
2026/02/08 (00:11:14) | INFO: Logger set to DEBUG
2026/02/08 (00:11:14) | DEBUG: Using locale en_US.UTF-8
2026/02/08 (00:11:14) | INFO: Running on /dev/pts/0
2026/02/08 (00:11:14) | DEBUG: Loading theme file: /usr/share/btop/themes/dracula.theme

2026/02/08 (00:13:17) | ===> btop++ v.1.2.3
2026/02/08 (00:13:17) | INFO: Logger set to DEBUG
2026/02/08 (00:13:17) | DEBUG: Using locale en_US.UTF-8
2026/02/08 (00:13:17) | INFO: Running on /dev/pts/3
2026/02/08 (00:13:17) | DEBUG: Loading theme file: /usr/share/btop/themes/dracula.theme
2026/02/08 (00:55:02) | INFO: Quitting! Runtime: 00:41:45

2026/02/08 (00:59:37) | ===> btop++ v.1.2.3
2026/02/08 (00:59:37) | INFO: Logger set to DEBUG
2026/02/08 (00:59:37) | DEBUG: Using locale en_US.UTF-8
2026/02/08 (00:59:37) | INFO: Running on /dev/pts/3
2026/02/08 (00:59:37) | DEBUG: Loading theme file: /usr/share/btop/themes/dracula.theme

2026/02/08 (01:03:21) | ===> btop++ v.1.2.3
2026/02/08 (01:03:21) | INFO: Logger set to DEBUG
2026/02/08 (01:03:21) | DEBUG: Using locale en_US.UTF-8
2026/02/08 (01:03:21) | INFO: Running on /dev/pts/0
2026/02/08 (01:03:21) | DEBUG: Loading theme file: /usr/share/btop/themes/dracula.theme

2026/02/08 (18:06:02) | ===> btop++ v.1.2.3
2026/02/08 (18:06:02) | INFO: Logger set to DEBUG
2026/02/08 (18:06:02) | DEBUG: Using locale en_US.UTF-8
2026/02/08 (18:06:02) | INFO: Running on /dev/pts/0
2026/02/08 (18:06:03) | DEBUG: Loading theme file: /usr/share/btop/themes/dracula.theme

2026/02/08 (18:08:24) | ===> btop++ v.1.2.3
2026/02/08 (18:08:24) | INFO: Logger set to DEBUG
2026/02/08 (18:08:24) | DEBUG: Using locale en_US.UTF-8
2026/02/08 (18:08:24) | INFO: Running on /dev/pts/0
2026/02/08 (18:08:24) | DEBUG: Loading theme file: /usr/share/btop/themes/dracula.theme

2026/02/08 (19:14:42) | ===> btop++ v.1.2.3
2026/02/08 (19:14:42) | INFO: Logger set to DEBUG
2026/02/08 (19:14:42) | DEBUG: Using locale en_US.UTF-8
2026/02/08 (19:14:42) | INFO: Running on /dev/pts/0
2026/02/08 (19:14:42) | DEBUG: Loading theme file: /usr/share/btop/themes/dracula.theme

2026/02/10 (11:05:33) | ===> btop++ v.1.2.3
2026/02/10 (11:05:33) | INFO: Logger set to DEBUG
2026/02/10 (11:05:33) | DEBUG: Using locale C.UTF-8
2026/02/10 (11:05:33) | INFO: Running on /dev/pts/0
2026/02/10 (11:05:33) | DEBUG: Loading theme file: /usr/share/btop/themes/dracula.theme

2026/02/10 (15:27:59) | ===> btop++ v.1.2.3
2026/02/10 (15:27:59) | INFO: Logger set to DEBUG
2026/02/10 (15:27:59) | DEBUG: Using locale C.UTF-8
2026/02/10 (15:27:59) | INFO: Running on /dev/pts/1
2026/02/10 (15:27:59) | DEBUG: Loading theme file: /usr/share/btop/themes/dracula.theme

2026/02/12 (21:42:49) | ===> btop++ v.1.2.3
2026/02/12 (21:42:49) | INFO: Logger set to DEBUG
2026/02/12 (21:42:49) | DEBUG: Using locale C.UTF-8
2026/02/12 (21:42:49) | INFO: Running on /dev/pts/1
2026/02/12 (21:42:50) | DEBUG: Loading theme file: /usr/share/btop/themes/dracula.theme

2026/02/18 (22:50:21) | ===> btop++ v.1.2.3
2026/02/18 (22:50:21) | INFO: Logger set to DEBUG
2026/02/18 (22:50:21) | DEBUG: Using locale C.UTF-8
2026/02/18 (22:50:21) | INFO: Running on /dev/pts/0
2026/02/18 (22:50:21) | DEBUG: Loading theme file: /usr/share/btop/themes/dracula.theme

2026/02/19 (01:10:02) | ===> btop++ v.1.2.3
2026/02/19 (01:10:02) | INFO: Logger set to DEBUG
2026/02/19 (01:10:02) | DEBUG: Using locale C.UTF-8
2026/02/19 (01:10:02) | INFO: Running on /dev/pts/2
2026/02/19 (01:10:02) | DEBUG: Loading theme file: /usr/share/btop/themes/dracula.theme

2026/02/19 (01:14:30) | ===> btop++ v.1.2.3
2026/02/19 (01:14:30) | INFO: Logger set to DEBUG
2026/02/19 (01:14:30) | DEBUG: Using locale C.UTF-8
2026/02/19 (01:14:30) | INFO: Running on /dev/pts/0
2026/02/19 (01:14:30) | DEBUG: Loading theme file: /usr/share/btop/themes/dracula.theme
2026/02/19 (01:14:52) | DEBUG: Writing new config file
2026/02/19 (01:14:52) | INFO: Quitting! Runtime: 00:00:22

2026/02/19 (01:14:53) | ===> btop++ v.1.2.3
2026/02/19 (01:14:53) | INFO: Logger set to DEBUG
2026/02/19 (01:14:53) | DEBUG: Using locale C.UTF-8
2026/02/19 (01:14:53) | INFO: Running on /dev/pts/0
2026/02/19 (01:14:54) | DEBUG: Loading theme file: /usr/share/btop/themes/dracula.theme
2026/02/19 (01:15:14) | INFO: Quitting! Runtime: 00:00:21

2026/02/19 (01:25:36) | ===> btop++ v.1.2.3
2026/02/19 (01:25:36) | INFO: Logger set to DEBUG
2026/02/19 (01:25:36) | DEBUG: Using locale C.UTF-8
2026/02/19 (01:25:36) | INFO: Running on /dev/pts/0
2026/02/19 (01:25:37) | DEBUG: Loading theme file: /usr/share/btop/themes/dracula.theme
2026/02/19 (01:25:47) | INFO: Quitting! Runtime: 00:00:11

2026/02/19 (01:57:52) | ===> btop++ v.1.2.3
2026/02/19 (01:57:52) | INFO: Logger set to DEBUG
2026/02/19 (01:57:52) | DEBUG: Using locale C.UTF-8
2026/02/19 (01:57:52) | INFO: Running on /dev/pts/0
2026/02/19 (01:57:53) | DEBUG: Loading theme file: /usr/share/btop/themes/dracula.theme

2026/02/21 (00:40:13) | ===> btop++ v.1.2.3
2026/02/21 (00:40:13) | INFO: Logger set to DEBUG
2026/02/21 (00:40:13) | DEBUG: Using locale C.UTF-8
2026/02/21 (00:40:13) | INFO: Running on /dev/pts/0
2026/02/21 (00:40:13) | DEBUG: Loading theme file: /usr/share/btop/themes/dracula.theme

2026/02/21 (00:51:38) | ===> btop++ v.1.2.3
2026/02/21 (00:51:38) | INFO: Logger set to DEBUG
2026/02/21 (00:51:38) | DEBUG: Using locale C.UTF-8
2026/02/21 (00:51:38) | INFO: Running on /dev/pts/0
2026/02/21 (00:51:38) | DEBUG: Loading theme file: /usr/share/btop/themes/dracula.theme
2026/02/21 (00:53:51) | INFO: Quitting! Runtime: 00:02:13

2026/02/21 (00:53:52) | ===> btop++ v.1.2.3
2026/02/21 (00:53:52) | INFO: Logger set to DEBUG
2026/02/21 (00:53:52) | DEBUG: Using locale C.UTF-8
2026/02/21 (00:53:52) | INFO: Running on /dev/pts/0
2026/02/21 (00:53:52) | DEBUG: Loading theme file: /usr/share/btop/themes/dracula.theme
2026/02/21 (00:54:02) | INFO: Quitting! Runtime: 00:00:10

2026/02/21 (00:54:55) | ===> btop++ v.1.2.3
2026/02/21 (00:54:55) | INFO: Logger set to DEBUG
2026/02/21 (00:54:55) | DEBUG: Using locale C.UTF-8
2026/02/21 (00:54:55) | INFO: Running on /dev/pts/0
2026/02/21 (00:54:55) | DEBUG: Loading theme file: /usr/share/btop/themes/dracula.theme
2026/02/21 (00:56:40) | INFO: Quitting! Runtime: 00:01:45

2026/02/21 (00:56:42) | ===> btop++ v.1.2.3
2026/02/21 (00:56:42) | INFO: Logger set to DEBUG
2026/02/21 (00:56:42) | DEBUG: Using locale C.UTF-8
2026/02/21 (00:56:42) | INFO: Running on /dev/pts/0
2026/02/21 (00:56:42) | DEBUG: Loading theme file: /usr/share/btop/themes/dracula.theme

2026/02/21 (00:57:22) | ===> btop++ v.1.2.3
2026/02/21 (00:57:22) | INFO: Logger set to DEBUG
2026/02/21 (00:57:22) | DEBUG: Using locale C.UTF-8
2026/02/21 (00:57:22) | INFO: Running on /dev/pts/1
2026/02/21 (00:57:22) | DEBUG: Loading theme file: /usr/share/btop/themes/dracula.theme
2026/02/21 (00:57:33) | INFO: Quitting! Runtime: 00:00:11

2026/02/21 (00:58:14) | ===> btop++ v.1.2.3
2026/02/21 (00:58:14) | INFO: Logger set to DEBUG
2026/02/21 (00:58:14) | DEBUG: Using locale C.UTF-8
2026/02/21 (00:58:14) | INFO: Running on /dev/pts/0
2026/02/21 (00:58:14) | DEBUG: Loading theme file: /usr/share/btop/themes/dracula.theme
2026/02/21 (00:58:24) | INFO: Quitting! Runtime: 00:00:10

2026/02/21 (00:58:52) | ===> btop++ v.1.2.3
2026/02/21 (00:58:52) | INFO: Logger set to DEBUG
2026/02/21 (00:58:52) | DEBUG: Using locale C.UTF-8
2026/02/21 (00:58:52) | INFO: Running on /dev/pts/0
2026/02/21 (00:58:52) | DEBUG: Loading theme file: /usr/share/btop/themes/dracula.theme
2026/02/21 (00:58:58) | DEBUG: Writing new config file
2026/02/21 (00:58:58) | INFO: Quitting! Runtime: 00:00:06

2026/02/21 (01:00:38) | ===> btop++ v.1.2.3
2026/02/21 (01:00:38) | INFO: Logger set to DEBUG
2026/02/21 (01:00:38) | DEBUG: Using locale C.UTF-8
2026/02/21 (01:00:38) | INFO: Running on /dev/pts/0
2026/02/21 (01:00:38) | DEBUG: Loading theme file: /usr/share/btop/themes/dracula.theme
2026/02/21 (01:00:45) | INFO: Quitting! Runtime: 00:00:07

2026/02/21 (01:01:35) | ===> btop++ v.1.2.3
2026/02/21 (01:01:35) | INFO: Logger set to DEBUG
2026/02/21 (01:01:35) | DEBUG: Using locale C.UTF-8
2026/02/21 (01:01:35) | INFO: Running on /dev/pts/0
2026/02/21 (01:01:35) | DEBUG: Loading theme file: /usr/share/btop/themes/dracula.theme
2026/02/21 (01:01:39) | INFO: Quitting! Runtime: 00:00:04

2026/02/21 (01:05:49) | ===> btop++ v.1.2.3
2026/02/21 (01:05:49) | INFO: Logger set to DEBUG
2026/02/21 (01:05:49) | DEBUG: Using locale C.UTF-8
2026/02/21 (01:05:49) | INFO: Running on /dev/pts/0
2026/02/21 (01:05:49) | DEBUG: Loading theme file: /usr/share/btop/themes/dracula.theme
2026/02/21 (01:05:57) | INFO: Quitting! Runtime: 00:00:08

2026/02/21 (01:07:39) | ===> btop++ v.1.2.3
2026/02/21 (01:07:39) | INFO: Logger set to DEBUG
2026/02/21 (01:07:39) | DEBUG: Using locale C.UTF-8
2026/02/21 (01:07:39) | INFO: Running on /dev/pts/0
2026/02/21 (01:07:40) | DEBUG: Loading theme file: /usr/share/btop/themes/dracula.theme
2026/02/21 (01:07:45) | INFO: Quitting! Runtime: 00:00:06

2026/02/21 (01:09:18) | ===> btop++ v.1.2.3
2026/02/21 (01:09:18) | INFO: Logger set to DEBUG
2026/02/21 (01:09:18) | DEBUG: Using locale C.UTF-8
2026/02/21 (01:09:18) | INFO: Running on /dev/pts/0
2026/02/21 (01:09:18) | DEBUG: Loading theme file: /usr/share/btop/themes/dracula.theme
2026/02/21 (01:09:30) | INFO: Quitting! Runtime: 00:00:12

2026/02/21 (01:10:19) | ===> btop++ v.1.2.3
2026/02/21 (01:10:19) | INFO: Logger set to DEBUG
2026/02/21 (01:10:19) | DEBUG: Using locale C.UTF-8
2026/02/21 (01:10:19) | INFO: Running on /dev/pts/0
2026/02/21 (01:10:19) | DEBUG: Loading theme file: /usr/share/btop/themes/dracula.theme
2026/02/21 (01:10:24) | INFO: Quitting! Runtime: 00:00:05

2026/02/21 (01:11:41) | ===> btop++ v.1.2.3
2026/02/21 (01:11:41) | INFO: Logger set to DEBUG
2026/02/21 (01:11:41) | DEBUG: Using locale C.UTF-8
2026/02/21 (01:11:41) | INFO: Running on /dev/pts/0
2026/02/21 (01:11:41) | DEBUG: Loading theme file: /usr/share/btop/themes/dracula.theme
2026/02/21 (01:11:46) | INFO: Quitting! Runtime: 00:00:05

2026/02/22 (11:41:08) | ===> btop++ v.1.2.3
2026/02/22 (11:41:08) | INFO: Logger set to DEBUG
2026/02/22 (11:41:08) | DEBUG: Using locale C.UTF-8
2026/02/22 (11:41:08) | INFO: Running on /dev/pts/0
2026/02/22 (11:41:08) | DEBUG: Loading theme file: /usr/share/btop/themes/dracula.theme
2026/02/22 (11:41:18) | INFO: Quitting! Runtime: 00:00:10

2026/02/22 (11:53:31) | ===> btop++ v.1.2.3
2026/02/22 (11:53:31) | INFO: Logger set to DEBUG
2026/02/22 (11:53:31) | DEBUG: Using locale C.UTF-8
2026/02/22 (11:53:31) | INFO: Running on /dev/pts/0
2026/02/22 (11:53:31) | DEBUG: Loading theme file: /usr/share/btop/themes/dracula.theme
2026/02/22 (11:53:38) | INFO: Quitting! Runtime: 00:00:07

2026/02/22 (12:38:04) | ===> btop++ v.1.2.3
2026/02/22 (12:38:04) | INFO: Logger set to DEBUG
2026/02/22 (12:38:04) | DEBUG: Using locale C.UTF-8
2026/02/22 (12:38:04) | INFO: Running on /dev/pts/0
2026/02/22 (12:38:04) | DEBUG: Loading theme file: /usr/share/btop/themes/dracula.theme
2026/02/22 (12:38:22) | INFO: Quitting! Runtime: 00:00:18
